<?xml version="1.0" encoding="UTF-8"?>
<!-- 测试数据 ID>50000 -->
<dataset>

	<TEST_DEMO ID="50001" NAME="admin"/>
	<TEST_DEMO ID="50002" NAME="admin2"/>
	
	<!-- 150x150 默认生成，无需配置 -->
	<SYS_SMALL_PICT_SETUP SMALL_PICT_SETUP_ID="50001" BUSINESS_CLASS_NM="User" 		BUSINESS_FIELD_NM="userHeadPictId" SMALL_PICT_SPEC="100x100,200x200" />
	<SYS_SMALL_PICT_SETUP SMALL_PICT_SETUP_ID="50002" BUSINESS_CLASS_NM="NoteFile" 	BUSINESS_FIELD_NM="fileInfId" SMALL_PICT_SPEC="100x100,200x200" />

	<!-- 用户头像 -->
	<SYS_FILE_INF FILE_INF_ID="50001" FILE_PATH="userhead\beauty1.jpg" BUSINESS_CLASS_NM="User" BUSINESS_OBJECT_ID="50001" BUSINESS_FIELD_NM="userHeadPictId"/>
	<SYS_FILE_INF FILE_INF_ID="50002" FILE_PATH="userhead\beauty2.jpg" BUSINESS_CLASS_NM="User" BUSINESS_OBJECT_ID="50002" BUSINESS_FIELD_NM="userHeadPictId"/>
	<SYS_FILE_INF FILE_INF_ID="50003" FILE_PATH="userhead\beauty3.jpg" BUSINESS_CLASS_NM="User" BUSINESS_OBJECT_ID="50003" BUSINESS_FIELD_NM="userHeadPictId"/>
	<SYS_FILE_INF FILE_INF_ID="50004" FILE_PATH="userhead\boy1.jpg" BUSINESS_CLASS_NM="User" BUSINESS_OBJECT_ID="50004" BUSINESS_FIELD_NM="userHeadPictId"/>
	<SYS_FILE_INF FILE_INF_ID="50005" FILE_PATH="userhead\boy2.jpg" BUSINESS_CLASS_NM="User" BUSINESS_OBJECT_ID="50005" BUSINESS_FIELD_NM="userHeadPictId"/>
	<SYS_FILE_INF FILE_INF_ID="50006" FILE_PATH="userhead\boy3.jpg" BUSINESS_CLASS_NM="User" BUSINESS_OBJECT_ID="50006" BUSINESS_FIELD_NM="userHeadPictId"/>
	<SYS_FILE_INF FILE_INF_ID="50007" FILE_PATH="userhead\demo.jpg" BUSINESS_CLASS_NM="User" BUSINESS_OBJECT_ID="50007" BUSINESS_FIELD_NM="userHeadPictId"/>
	
	<PRD_NOTICE_MSG	NOTICE_MSG_ID="1" RECEIVER_USER_ID="50001" MSG_CONT="caocaoco" MSG_TIME="2018-04-24 8:07:02.0" SYS_NOTICE_TYPE_CODE="0" />  
	
	<PRD_OPERATE_RECORD	OP_ID="1" OP_CONTENT="6666666666666" OP_DATE="2018-04-24 8:07:02.0" OP_TYPE="0" OP_USER_LOGINID="admin"/>  
		
	<PRD_USER USER_ID="50001" LOGIN_ID="admin"		 USER_NM="管理员" 		USER_PSW="123456" USER_MOBILE="123" 		USER_SEX_CODE="0" IF_ADMIN="Y" CREATE_DATE="2018-03-06 8:07:02.0"  USER_STAT_CODE="0"/>
	<PRD_USER USER_ID="50002" LOGIN_ID="18813299770" USER_NM="18813299770"  USER_PSW="123456" USER_MOBILE="18813299770" USER_SEX_CODE="0" IF_ADMIN="N" CREATE_DATE="2018-03-06 11:07:01.0" USER_STAT_CODE="1"/>
	<PRD_USER USER_ID="50003" LOGIN_ID="18813960080" USER_NM="兰陵王123"  	USER_PSW="123456" USER_MOBILE="18813960080" USER_SEX_CODE="1" IF_ADMIN="N" CREATE_DATE="2018-03-06 23:49:25.0" USER_STAT_CODE="2"/>
	<PRD_USER USER_ID="50004" LOGIN_ID="15989825533" USER_NM="兰林狗狗"		USER_PSW="123456" USER_MOBILE="15989825533" USER_SEX_CODE="0" IF_ADMIN="N" CREATE_DATE="2018-03-06 23:56:31.0" USER_STAT_CODE="0"/>
	<PRD_USER USER_ID="50005" LOGIN_ID="18813299971" USER_NM="安琪拉" 		USER_PSW="123456" USER_MOBILE="18813299971" USER_SEX_CODE="0" IF_ADMIN="Y" CREATE_DATE="2018-03-07 00:55:13.0" USER_STAT_CODE="0"/>
	<PRD_USER USER_ID="50006" LOGIN_ID="18813299970" USER_NM="刘备"       	USER_PSW="123456" USER_MOBILE="18813299979" USER_SEX_CODE="1" IF_ADMIN="N" CREATE_DATE="2018-03-07 09:45:43.0" USER_STAT_CODE="0"/>
	<PRD_USER USER_ID="50007" LOGIN_ID="13064515846" USER_NM="诸葛亮"  		USER_PSW="123456" USER_MOBILE="13064515846" USER_SEX_CODE="1" IF_ADMIN="N" CREATE_DATE="2018-03-10 18:06:00.0" USER_STAT_CODE="0"/>
	<PRD_USER USER_ID="50008" LOGIN_ID="15112174514" USER_NM="杨戬"  		USER_PSW="123456" USER_MOBILE="15112174514" USER_SEX_CODE="1" IF_ADMIN="N" CREATE_DATE="2018-04-14 15:23:06.0" USER_STAT_CODE="0"/>	
	<PRD_USER USER_ID="50009" LOGIN_ID="admin1"		 USER_NM="管理员老司机"  USER_PSW="123456" USER_MOBILE="1234" 		USER_SEX_CODE="0" IF_ADMIN="Y" CREATE_DATE="2018-03-06 8:07:02.0"  USER_STAT_CODE="0"/>
	<PRD_USER USER_ID="50010" LOGIN_ID="18813299772" USER_NM="哈哈"  		USER_PSW="123456" USER_MOBILE="18813299772" USER_SEX_CODE="0" IF_ADMIN="N" CREATE_DATE="2018-03-06 11:07:01.0" USER_STAT_CODE="0"/>
	<PRD_USER USER_ID="50011" LOGIN_ID="18813960081" USER_NM="刘邦"  		USER_PSW="123456" USER_MOBILE="18813960081" USER_SEX_CODE="1" IF_ADMIN="N" CREATE_DATE="2018-03-06 23:49:25.0" USER_STAT_CODE="0"/>
	<PRD_USER USER_ID="50012" LOGIN_ID="15989825534" USER_NM="项羽"			USER_PSW="123456" USER_MOBILE="15989825534" USER_SEX_CODE="0" IF_ADMIN="N" CREATE_DATE="2018-03-06 23:56:31.0" USER_STAT_CODE="0"/>
	<PRD_USER USER_ID="50013" LOGIN_ID="18813299975" USER_NM="哦哦哦"  		USER_PSW="123456" USER_MOBILE="18813299975" USER_SEX_CODE="0" IF_ADMIN="Y" CREATE_DATE="2018-03-07 00:55:13.0" USER_STAT_CODE="0"/>
	<PRD_USER USER_ID="50014" LOGIN_ID="18813299976" USER_NM="wowoowowow"   USER_PSW="123456" USER_MOBILE="18813299976" USER_SEX_CODE="1" IF_ADMIN="N" CREATE_DATE="2018-03-07 09:45:43.0" USER_STAT_CODE="0"/>
	<PRD_USER USER_ID="50015" LOGIN_ID="13064515847" USER_NM="废物666"  		USER_PSW="123456" USER_MOBILE="13064515847" USER_SEX_CODE="1" IF_ADMIN="N" CREATE_DATE="2018-03-10 18:06:00.0" USER_STAT_CODE="0"/>
	<PRD_USER USER_ID="50016" LOGIN_ID="15112174516" USER_NM="哈哈老哈哈"  	USER_PSW="123456" USER_MOBILE="15112174516" USER_SEX_CODE="1" IF_ADMIN="Y" CREATE_DATE="2018-04-14 15:23:06.0" USER_STAT_CODE="0"/>	
	
	<PRD_ORDER ORDER_ID="50001" START_PLACE="广东技术师范学院培训楼(南门)" END_PLACE="广东技术师范学院综合馆(东门)" START_PLACE_LAT="23.131427" START_PLACE_LNG="113.370899" END_PLACE_LAT="23.1323" END_PLACE_LNG="113.371056" SEND_USER_ID="50002" SEND_USER_NM="李如平" SEND_USER_MOBILE="18813299770" CREATE_DATE="2018-03-06 11:07:40.0" TAKE_USER_ID="[null]" TAKE_ORDER_DATE="[null]" ORDER_FEE="1.5" ORDER_STAT_CODE="0" ORDER_REMARK="[null]"/>
	<PRD_ORDER ORDER_ID="50002" START_PLACE="广东技术师范学院停车场(出入口)" END_PLACE="广东技术师范学院维修服务中心" START_PLACE_LAT="23.130938" START_PLACE_LNG="113.370012" END_PLACE_LAT="23.131685" END_PLACE_LNG="113.37106" SEND_USER_ID="50002" SEND_USER_NM="梁期智" SEND_USER_MOBILE="18813299971" CREATE_DATE="2018-03-06 11:09:16.0" TAKE_USER_ID="50001" TAKE_ORDER_DATE="2018-03-06 13:34:50.0" ORDER_FEE="2.5" ORDER_STAT_CODE="2" ORDER_REMARK="[null]"/>
	<PRD_ORDER ORDER_ID="50003" START_PLACE="广东技术师范学院红十字会" END_PLACE="广东技术师范学院篮球场" START_PLACE_LAT="23.131881" START_PLACE_LNG="113.370944" END_PLACE_LAT="23.130399" END_PLACE_LNG="113.371965" SEND_USER_ID="50002" SEND_USER_NM="叶炳志" SEND_USER_MOBILE="123456789" CREATE_DATE="2018-03-06 11:09:59.0" TAKE_USER_ID="50002" TAKE_ORDER_DATE="2018-03-06 11:20:36.0" ORDER_FEE="1.5" ORDER_STAT_CODE="1" ORDER_REMARK="[null]"/>
	<PRD_ORDER ORDER_ID="50004" START_PLACE="广东技术师范学院办公楼(南门)" END_PLACE="广东技术师范学院校园眼镜" START_PLACE_LAT="23.130208" START_PLACE_LNG="113.371493" END_PLACE_LAT="23.133178" END_PLACE_LNG="113.371086" SEND_USER_ID="50001" SEND_USER_NM="李志鹏" SEND_USER_MOBILE="123456" CREATE_DATE="2018-03-06 15:07:39.0" ORDER_FEE="1.5" ORDER_STAT_CODE="0" ORDER_REMARK="[null]"/>
	<PRD_ORDER ORDER_ID="50005" START_PLACE="广东技术师范学院培训楼(南门)" END_PLACE="广东技术师范学院教工宿舍" START_PLACE_LAT="23.131427" START_PLACE_LNG="113.370899" END_PLACE_LAT="23.131603" END_PLACE_LNG="113.37204" SEND_USER_ID="50001" SEND_USER_NM="李志鹏" SEND_USER_MOBILE="123" CREATE_DATE="2018-03-06 22:47:31.0" TAKE_USER_ID="50001" TAKE_ORDER_DATE="2018-03-06 22:47:42.0" ORDER_FEE="1.5" ORDER_STAT_CODE="3" ORDER_REMARK="[null]"/>
	<PRD_ORDER ORDER_ID="50006" START_PLACE="广东技术师范学院停车场(出入口)" END_PLACE="广东技术师范学院维修服务中心" START_PLACE_LAT="23.130938" START_PLACE_LNG="113.370012" END_PLACE_LAT="23.131685" END_PLACE_LNG="113.37106" SEND_USER_ID="50002" SEND_USER_NM="傻叼" SEND_USER_MOBILE="123456" CREATE_DATE="2018-03-06 22:51:11.0" TAKE_USER_ID="50002" TAKE_ORDER_DATE="2018-03-06 22:51:21.0" ORDER_FEE="1.5" ORDER_STAT_CODE="3" ORDER_REMARK="[null]"/>
	<PRD_ORDER ORDER_ID="50007" START_PLACE="广东技术师范学院停车场(出入口)" END_PLACE="广东技术师范学院美术学院" START_PLACE_LAT="23.130938" START_PLACE_LNG="113.370012" END_PLACE_LAT="23.130376" END_PLACE_LNG="113.370864" SEND_USER_ID="50001" SEND_USER_NM="卢本伟" SEND_USER_MOBILE="18813960072" CREATE_DATE="2018-03-06 23:40:21.0" TAKE_USER_ID="50003" TAKE_ORDER_DATE="2018-04-14 10:05:19.0" ORDER_FEE="2.0" ORDER_STAT_CODE="1" ORDER_REMARK="7202"/>
	<PRD_ORDER ORDER_ID="50008" START_PLACE="广东技术师范学院-电教中心" END_PLACE="广东技术师范学院美术学院" START_PLACE_LAT="23.13121" START_PLACE_LNG="113.371482" END_PLACE_LAT="23.130376" END_PLACE_LNG="113.370864" SEND_USER_ID="50003" SEND_USER_NM="刘本伟" SEND_USER_MOBILE="123+456+789" CREATE_DATE="2018-03-07 00:06:43.0" TAKE_USER_ID="50002" TAKE_ORDER_DATE="2018-03-07 09:47:13.0" ORDER_FEE="3.0" ORDER_STAT_CODE="1" ORDER_REMARK="[null]"/>
	<PRD_ORDER ORDER_ID="50009" START_PLACE="广东技术师范学院美术学院" END_PLACE="广东技术师范学院综合馆(东门)" START_PLACE_LAT="23.130376" START_PLACE_LNG="113.370864" END_PLACE_LAT="23.1323" END_PLACE_LNG="113.371056" SEND_USER_ID="50003" SEND_USER_NM="方主庆" SEND_USER_MOBILE="18818818828" CREATE_DATE="2018-03-07 00:08:31.0" TAKE_USER_ID="50004" TAKE_ORDER_DATE="2018-03-07 00:10:24.0" ORDER_FEE="1.5" ORDER_STAT_CODE="3" ORDER_REMARK="[null]"/>
	<PRD_ORDER ORDER_ID="50010" START_PLACE="广东技术师范学院-电教中心" END_PLACE="广东技术师范学院北校区(东南门)" START_PLACE_LAT="23.13121" START_PLACE_LNG="113.371482" END_PLACE_LAT="23.157054" END_PLACE_LNG="113.254191" SEND_USER_ID="50003" SEND_USER_NM="叶炳志" SEND_USER_MOBILE="18813960080" CREATE_DATE="2018-03-07 00:19:44.0" TAKE_USER_ID="50002" TAKE_ORDER_DATE="2018-03-07 09:47:12.0" ORDER_FEE="1.5" ORDER_STAT_CODE="3" ORDER_REMARK="123+456+789"/>
	<PRD_ORDER ORDER_ID="50011" START_PLACE="广东技术师范学院培训楼(南门)" END_PLACE="广东技术师范学院(西校区)-教学大楼" START_PLACE_LAT="23.131427" START_PLACE_LNG="113.370899" END_PLACE_LAT="23.145378" END_PLACE_LNG="113.337827" SEND_USER_ID="50002" SEND_USER_NM="陈晓威" SEND_USER_MOBILE="18818818822" CREATE_DATE="2018-03-07 09:48:51.0" TAKE_USER_ID="50006" TAKE_ORDER_DATE="2018-03-10 09:47:47.0" ORDER_FEE="3.5" ORDER_STAT_CODE="1" ORDER_REMARK="[null]"/>
	<PRD_ORDER ORDER_ID="50012" START_PLACE="广东技术师范学院培训楼(南门)" END_PLACE="广东技术师范学院停车场(出入口)" START_PLACE_LAT="23.131427" START_PLACE_LNG="113.370899" END_PLACE_LAT="23.130938" END_PLACE_LNG="113.370012" SEND_USER_ID="50002" SEND_USER_NM="邓文" SEND_USER_MOBILE="18813299979" CREATE_DATE="2018-03-07 09:49:37.0" TAKE_USER_ID="50003" TAKE_ORDER_DATE="2018-03-10 22:39:26.0" ORDER_FEE="1.5" ORDER_STAT_CODE="1" ORDER_REMARK="[null]"/>
	<PRD_ORDER ORDER_ID="50013" START_PLACE="广东技术师范学院美术学院" END_PLACE="广东技术师范学院教工宿舍" START_PLACE_LAT="23.130376" START_PLACE_LNG="113.370864" END_PLACE_LAT="23.131603" END_PLACE_LNG="113.37204" SEND_USER_ID="50002" SEND_USER_NM="耀诚" SEND_USER_MOBILE="18813299956" CREATE_DATE="2018-03-07 09:52:12.0" TAKE_USER_ID="50003" TAKE_ORDER_DATE="2018-03-10 14:42:01.0" ORDER_FEE="1.5" ORDER_STAT_CODE="1" ORDER_REMARK="[null]"/>
	<PRD_ORDER ORDER_ID="50014" START_PLACE="广东技术师范学院北校区(东南门)" END_PLACE="广东技术师范学院办公楼(南门)" START_PLACE_LAT="23.157054" START_PLACE_LNG="113.254191" END_PLACE_LAT="23.130208" END_PLACE_LNG="113.371493" SEND_USER_ID="50003" SEND_USER_NM="陈敏伟" SEND_USER_MOBILE="13611460544" CREATE_DATE="2018-03-07 11:57:31.0" TAKE_USER_ID="50004" TAKE_ORDER_DATE="2018-03-07 12:07:17.0" ORDER_FEE="2.0" ORDER_STAT_CODE="1" ORDER_REMARK="[null]"/>
	<PRD_ORDER ORDER_ID="50015" START_PLACE="广东技术师范学院美术学院" END_PLACE="广东技术师范学院美术学院" START_PLACE_LAT="23.130376" START_PLACE_LNG="113.370864" END_PLACE_LAT="23.130376" END_PLACE_LNG="113.370864" SEND_USER_ID="50004" SEND_USER_NM="张海悦" SEND_USER_MOBILE="18818818811" CREATE_DATE="2018-03-07 11:59:58.0" TAKE_USER_ID="50005" TAKE_ORDER_DATE="2018-03-09 12:43:44.0" ORDER_FEE="1.5" ORDER_STAT_CODE="1" ORDER_REMARK="[null]"/>
	<PRD_ORDER ORDER_ID="50016" START_PLACE="广东技术师范学院美术学院" END_PLACE="广东技术师范学院美术学院" START_PLACE_LAT="23.130376" START_PLACE_LNG="113.370864" END_PLACE_LAT="23.130376" END_PLACE_LNG="113.370864" SEND_USER_ID="50004" SEND_USER_NM="陈先生" SEND_USER_MOBILE="15989825533" CREATE_DATE="2018-03-07 12:08:52.0" TAKE_USER_ID="50003" TAKE_ORDER_DATE="2018-03-07 12:09:55.0" ORDER_FEE="1.5" ORDER_STAT_CODE="3" ORDER_REMARK="[null]"/>
	<PRD_ORDER ORDER_ID="50017" START_PLACE="广东技术师范学院培训楼(南门)" END_PLACE="广东技术师范学院综合馆(东门)" START_PLACE_LAT="23.131427" START_PLACE_LNG="113.370899" END_PLACE_LAT="23.1323" END_PLACE_LNG="113.371056" SEND_USER_ID="50005" SEND_USER_NM="hhs" SEND_USER_MOBILE="112" CREATE_DATE="2018-03-07 18:28:41.0" TAKE_USER_ID="50006" TAKE_ORDER_DATE="2018-03-07 18:30:08.0" ORDER_FEE="1.5" ORDER_STAT_CODE="3" ORDER_REMARK="[null]"/>
	<PRD_ORDER ORDER_ID="50018" START_PLACE="广东技术师范学院教工宿舍" END_PLACE="广东技术师范学院维修服务中心" START_PLACE_LAT="23.131603" START_PLACE_LNG="113.37204" END_PLACE_LAT="23.131685" END_PLACE_LNG="113.37106" SEND_USER_ID="50005" SEND_USER_NM="李如平" SEND_USER_MOBILE="18813299971" CREATE_DATE="2018-03-07 19:44:26.0" TAKE_USER_ID="50006" TAKE_ORDER_DATE="2018-03-08 12:33:58.0" ORDER_FEE="1.5" ORDER_STAT_CODE="1" ORDER_REMARK="[null]"/>
	<PRD_ORDER ORDER_ID="50019" START_PLACE="广东技术师范学院维修服务中心" END_PLACE="广东技术师范学院总务处" START_PLACE_LAT="23.131685" START_PLACE_LNG="113.37106" END_PLACE_LAT="23.131698" END_PLACE_LNG="113.370675" SEND_USER_ID="50006" SEND_USER_NM="小肥" SEND_USER_MOBILE="18813255564" CREATE_DATE="2018-03-07 19:46:59.0" TAKE_USER_ID="50006" TAKE_ORDER_DATE="2018-03-07 19:48:00.0" ORDER_FEE="1.5" ORDER_STAT_CODE="3" ORDER_REMARK="[null]"/>
	<PRD_ORDER ORDER_ID="50020" START_PLACE="广东技术师范学院综合馆(东门)" END_PLACE="广东技术师范学院教工宿舍" START_PLACE_LAT="23.1323" START_PLACE_LNG="113.371056" END_PLACE_LAT="23.131603" END_PLACE_LNG="113.37204" SEND_USER_ID="50005" SEND_USER_NM="傻屌李志鹏" SEND_USER_MOBILE="1881329" CREATE_DATE="2018-03-07 19:49:09.0" TAKE_USER_ID="50003" TAKE_ORDER_DATE="2018-03-09 12:24:26.0" ORDER_FEE="1.5" ORDER_STAT_CODE="1" ORDER_REMARK="[null]"/>
	<PRD_ORDER ORDER_ID="50021" START_PLACE="广东技术师范学院校园眼镜" END_PLACE="广东技术师范学院培训楼(南门)" START_PLACE_LAT="23.133178" START_PLACE_LNG="113.371086" END_PLACE_LAT="23.131427" END_PLACE_LNG="113.370899" SEND_USER_ID="50006" SEND_USER_NM="小民" SEND_USER_MOBILE="13414222314" CREATE_DATE="2018-03-08 12:38:32.0" TAKE_USER_ID="50006" TAKE_ORDER_DATE="2018-03-08 12:38:54.0" ORDER_FEE="1.5" ORDER_STAT_CODE="3" ORDER_REMARK="[null]"/>
	<PRD_ORDER ORDER_ID="50022" START_PLACE="广东技术师范学院校园眼镜" END_PLACE="广东技术师范学院培训楼(南门)" START_PLACE_LAT="23.133178" START_PLACE_LNG="113.371086" END_PLACE_LAT="23.131427" END_PLACE_LNG="113.370899" SEND_USER_ID="50006" SEND_USER_NM="李志鹏" SEND_USER_MOBILE="18813299979" CREATE_DATE="2018-03-09 09:26:55.0" TAKE_USER_ID="50006" TAKE_ORDER_DATE="2018-03-09 09:27:09.0" ORDER_FEE="2.0" ORDER_STAT_CODE="3" ORDER_REMARK="[null]"/>
	<PRD_ORDER ORDER_ID="50023" START_PLACE="广东技术师范学院篮球场" END_PLACE="广东技术师范学院南校区(西南门)" START_PLACE_LAT="23.130399" START_PLACE_LNG="113.371965" END_PLACE_LAT="23.095937" END_PLACE_LNG="113.288395" SEND_USER_ID="50005" SEND_USER_NM="叶炳志" SEND_USER_MOBILE="112" CREATE_DATE="2018-03-09 12:13:24.0" TAKE_USER_ID="50006" TAKE_ORDER_DATE="2018-03-09 12:13:32.0" ORDER_FEE="2.5" ORDER_STAT_CODE="3" ORDER_REMARK="[null]"/>
	<PRD_ORDER ORDER_ID="50024" START_PLACE="广东技术师范学院-电教中心" END_PLACE="广东技术师范学院维修服务中心" START_PLACE_LAT="23.13121" START_PLACE_LNG="113.371482" END_PLACE_LAT="23.131685" END_PLACE_LNG="113.37106" SEND_USER_ID="50003" SEND_USER_NM="陈敏伟" SEND_USER_MOBILE="18813960080" CREATE_DATE="2018-03-09 12:25:54.0" TAKE_USER_ID="50006" TAKE_ORDER_DATE="2018-03-09 12:25:59.0" ORDER_FEE="1.5" ORDER_STAT_CODE="3" ORDER_REMARK="[null]"/>
	<PRD_ORDER ORDER_ID="50025" START_PLACE="广东技术师范学院美术学院" END_PLACE="广东技术师范学院北校区(东南门)" START_PLACE_LAT="23.130376" START_PLACE_LNG="113.370864" END_PLACE_LAT="23.157054" END_PLACE_LNG="113.254191" SEND_USER_ID="50003" SEND_USER_NM="陈敏伟" SEND_USER_MOBILE="18813960080" CREATE_DATE="2018-03-09 15:27:50.0" TAKE_USER_ID="50006" TAKE_ORDER_DATE="2018-03-09 15:28:35.0" ORDER_FEE="1.5" ORDER_STAT_CODE="3" ORDER_REMARK="[null]"/>
	<PRD_ORDER ORDER_ID="50026" START_PLACE="广东技术师范学院-电教中心" END_PLACE="广东技术师范学院维修服务中心" START_PLACE_LAT="23.13121" START_PLACE_LNG="113.371482" END_PLACE_LAT="23.131685" END_PLACE_LNG="113.37106" SEND_USER_ID="50003" SEND_USER_NM="陈敏伟" SEND_USER_MOBILE="18813960080" CREATE_DATE="2018-03-09 20:24:32.0" TAKE_USER_ID="50006" TAKE_ORDER_DATE="2018-03-09 20:24:44.0" ORDER_FEE="2.0" ORDER_STAT_CODE="2" ORDER_REMARK="京东"/>
	<PRD_ORDER ORDER_ID="50027" START_PLACE="广东技术师范学院维修服务中心" END_PLACE="广东技术师范学院校园眼镜" START_PLACE_LAT="23.131685" START_PLACE_LNG="113.37106" END_PLACE_LAT="23.133178" END_PLACE_LNG="113.371086" SEND_USER_ID="50003" SEND_USER_NM="莫小蝶" SEND_USER_MOBILE="15518860080" CREATE_DATE="2018-03-09 20:30:52.0" TAKE_USER_ID="50006" TAKE_ORDER_DATE="2018-03-09 20:31:01.0" ORDER_FEE="2.0" ORDER_STAT_CODE="2" ORDER_REMARK="京东派"/>
	<PRD_ORDER ORDER_ID="50028" START_PLACE="广东技术师范学院培训楼(南门)" END_PLACE="广东技术师范学院维修服务中心" START_PLACE_LAT="23.131427" START_PLACE_LNG="113.370899" END_PLACE_LAT="23.131685" END_PLACE_LNG="113.37106" SEND_USER_ID="50003" SEND_USER_NM="张海悦" SEND_USER_MOBILE="18813960080" CREATE_DATE="2018-03-09 20:34:02.0" TAKE_USER_ID="50006" TAKE_ORDER_DATE="2018-03-09 20:34:13.0" ORDER_FEE="2.0" ORDER_STAT_CODE="3" ORDER_REMARK="京东派"/>
	<PRD_ORDER ORDER_ID="50029" START_PLACE="广东技术师范学院-电教中心" END_PLACE="广东技术师范学院办公楼(南门)" START_PLACE_LAT="23.13121" START_PLACE_LNG="113.371482" END_PLACE_LAT="23.130208" END_PLACE_LNG="113.371493" SEND_USER_ID="50003" SEND_USER_NM="陈老师" SEND_USER_MOBILE="15513960080" CREATE_DATE="2018-03-10 10:29:32.0" TAKE_USER_ID="50006" TAKE_ORDER_DATE="2018-03-10 10:29:43.0" ORDER_FEE="2.0" ORDER_STAT_CODE="3" ORDER_REMARK="京东"/>
	<PRD_ORDER ORDER_ID="50030" START_PLACE="广东技术师范学院-电教中心" END_PLACE="广东技术师范学院北校区(东南门)" START_PLACE_LAT="23.13121" START_PLACE_LNG="113.371482" END_PLACE_LAT="23.157054" END_PLACE_LNG="113.254191" SEND_USER_ID="50003" SEND_USER_NM="吴先生" SEND_USER_MOBILE="18813960080" CREATE_DATE="2018-03-10 10:34:43.0" TAKE_USER_ID="50003" TAKE_ORDER_DATE="2018-03-10 11:48:09.0" ORDER_FEE="2.0" ORDER_STAT_CODE="1" ORDER_REMARK="7202"/>
	<PRD_ORDER ORDER_ID="50031" START_PLACE="广东技术师范学院美术学院" END_PLACE="广东技术师范学院美术学院" START_PLACE_LAT="23.130376" START_PLACE_LNG="113.370864" END_PLACE_LAT="23.130376" END_PLACE_LNG="113.370864" SEND_USER_ID="50003" SEND_USER_NM="陈先生" SEND_USER_MOBILE="18813960080" CREATE_DATE="2018-03-10 11:36:34.0" TAKE_USER_ID="50006" TAKE_ORDER_DATE="2018-03-10 11:36:56.0" ORDER_FEE="1.5" ORDER_STAT_CODE="2" ORDER_REMARK="[null]"/>
	<PRD_ORDER ORDER_ID="50032" START_PLACE="广东技术师范学院美术学院" END_PLACE="广东技术师范学院培训楼(南门)" START_PLACE_LAT="23.130376" START_PLACE_LNG="113.370864" END_PLACE_LAT="23.131427" END_PLACE_LNG="113.370899" SEND_USER_ID="50003" SEND_USER_NM="陈小姐" SEND_USER_MOBILE="18813960080" CREATE_DATE="2018-03-10 11:41:03.0" TAKE_USER_ID="50005" TAKE_ORDER_DATE="2018-03-10 11:41:23.0" ORDER_FEE="2.0" ORDER_STAT_CODE="2" ORDER_REMARK="7202"/>
	<PRD_ORDER ORDER_ID="50033" START_PLACE="广东技术师范学院-电教中心" END_PLACE="广东技术师范学院维修服务中心" START_PLACE_LAT="23.13121" START_PLACE_LNG="113.371482" END_PLACE_LAT="23.131685" END_PLACE_LNG="113.37106" SEND_USER_ID="50003" SEND_USER_NM="张小姐" SEND_USER_MOBILE="15513960080" CREATE_DATE="2018-03-10 12:08:17.0" TAKE_USER_ID="50005" TAKE_ORDER_DATE="2018-03-10 12:08:45.0" ORDER_FEE="2.0" ORDER_STAT_CODE="2" ORDER_REMARK="7202"/>
	<PRD_ORDER ORDER_ID="50034" START_PLACE="广东技术师范学院美术学院" END_PLACE="广东技术师范学院维修服务中心" START_PLACE_LAT="23.130376" START_PLACE_LNG="113.370864" END_PLACE_LAT="23.131685" END_PLACE_LNG="113.37106" SEND_USER_ID="50003" SEND_USER_NM="陈同学" SEND_USER_MOBILE="18813960080" CREATE_DATE="2018-03-10 12:14:24.0" TAKE_USER_ID="50005" TAKE_ORDER_DATE="2018-03-10 12:15:18.0" ORDER_FEE="2.0" ORDER_STAT_CODE="2" ORDER_REMARK="7202"/>
	<PRD_ORDER ORDER_ID="50035" START_PLACE="广东技术师范学院-电教中心" END_PLACE="广东技术师范学院培训楼(南门)" START_PLACE_LAT="23.13121" START_PLACE_LNG="113.371482" END_PLACE_LAT="23.131427" END_PLACE_LNG="113.370899" SEND_USER_ID="50003" SEND_USER_NM="上官老师" SEND_USER_MOBILE="18813960080" CREATE_DATE="2018-03-10 14:20:17.0" TAKE_USER_ID="50005" TAKE_ORDER_DATE="2018-03-10 14:21:17.0" ORDER_FEE="2.0" ORDER_STAT_CODE="3" ORDER_REMARK="1205"/>
	<PRD_ORDER ORDER_ID="50036" START_PLACE="广东技术师范学院美术学院" END_PLACE="广东技术师范学院综合馆(东门)" START_PLACE_LAT="23.130376" START_PLACE_LNG="113.370864" END_PLACE_LAT="23.1323" END_PLACE_LNG="113.371056" SEND_USER_ID="50003" SEND_USER_NM="李先生" SEND_USER_MOBILE="13414881024" CREATE_DATE="2018-03-10 15:05:42.0" TAKE_USER_ID="50006" TAKE_ORDER_DATE="2018-03-10 15:06:11.0" ORDER_FEE="1.5" ORDER_STAT_CODE="2" ORDER_REMARK="京东"/>
	<PRD_ORDER ORDER_ID="50037" START_PLACE="广东技术师范学院美术学院" END_PLACE="广东技术师范学院维修服务中心" START_PLACE_LAT="23.130376" START_PLACE_LNG="113.370864" END_PLACE_LAT="23.131685" END_PLACE_LNG="113.37106" SEND_USER_ID="50006" SEND_USER_NM="李先生" SEND_USER_MOBILE="18813299979" CREATE_DATE="2018-03-10 15:36:55.0" TAKE_USER_ID="50005" TAKE_ORDER_DATE="2018-03-10 15:37:06.0" ORDER_FEE="2.0" ORDER_STAT_CODE="3" ORDER_REMARK="[null]"/>
	<PRD_ORDER ORDER_ID="50038" START_PLACE="广东技术师范学院培训楼(南门)" END_PLACE="广东技术师范学院培训楼(南门)" START_PLACE_LAT="23.131427" START_PLACE_LNG="113.370899" END_PLACE_LAT="23.131427" END_PLACE_LNG="113.370899" SEND_USER_ID="50003" SEND_USER_NM="陈老师" SEND_USER_MOBILE="18813960080" CREATE_DATE="2018-03-10 15:36:59.0" TAKE_USER_ID="50005" TAKE_ORDER_DATE="2018-03-10 15:37:46.0" ORDER_FEE="2.0" ORDER_STAT_CODE="2" ORDER_REMARK="7202"/>
	<PRD_ORDER ORDER_ID="50039" START_PLACE="广东技术师范学院-电教中心" END_PLACE="广东技术师范学院维修服务中心" START_PLACE_LAT="23.13121" START_PLACE_LNG="113.371482" END_PLACE_LAT="23.131685" END_PLACE_LNG="113.37106" SEND_USER_ID="50003" SEND_USER_NM="陈先生" SEND_USER_MOBILE="18813960080" CREATE_DATE="2018-03-10 16:03:13.0" TAKE_USER_ID="50007" TAKE_ORDER_DATE="2018-03-10 18:07:51.0" ORDER_FEE="1.5" ORDER_STAT_CODE="2" ORDER_REMARK="二教1"/>
	<PRD_ORDER ORDER_ID="50040" START_PLACE="广东技术师范大学校门口" END_PLACE="广东技术师范学院停车场(出入口)" SEND_USER_ID="50007" SEND_USER_NM="李先生" SEND_USER_MOBILE="13666666666" CREATE_DATE="2018-03-10 18:17:28.0" TAKE_USER_ID="50003" TAKE_ORDER_DATE="2018-03-10 22:41:14.0" ORDER_FEE="2.5" ORDER_STAT_CODE="2" ORDER_REMARK="测试"/>
	<PRD_ORDER ORDER_ID="50041" START_PLACE="广东技术师范学院实训楼" END_PLACE="广东技术师范学院学生公寓中心" START_PLACE_LAT="23.1464" START_PLACE_LNG="113.3375" END_PLACE_LAT="23.13092" END_PLACE_LNG="113.371018" SEND_USER_ID="50005" SEND_USER_NM="陈海滨" SEND_USER_MOBILE="13642515821" CREATE_DATE="2018-04-14 10:13:21.0" ORDER_FEE="2.0" ORDER_STAT_CODE="0" ORDER_REMARK="北四528"/>
	<PRD_ORDER ORDER_ID="50042" START_PLACE="广东技术师范学院美术学院" END_PLACE="广东技术师范学院综合馆(东门)" START_PLACE_LAT="23.130376" START_PLACE_LNG="113.370864" END_PLACE_LAT="23.1323" END_PLACE_LNG="113.371056" SEND_USER_ID="50005" SEND_USER_NM="张球家" SEND_USER_MOBILE="13525814874" CREATE_DATE="2018-04-14 10:14:35.0" ORDER_FEE="3.0" ORDER_STAT_CODE="0" ORDER_REMARK="[null]"/>
	<PRD_ORDER ORDER_ID="50043" START_PLACE="广东技术师范学院-电教中心" END_PLACE="广东技术师范学院教工宿舍" START_PLACE_LAT="23.13121" START_PLACE_LNG="113.371482" END_PLACE_LAT="23.131603" END_PLACE_LNG="113.37204" SEND_USER_ID="50005" SEND_USER_NM="刘海东" SEND_USER_MOBILE="15813642584" CREATE_DATE="2018-04-14 10:15:16.0" ORDER_FEE="2.5" ORDER_STAT_CODE="0" ORDER_REMARK="[null]"/>
	<PRD_ORDER ORDER_ID="50044" START_PLACE="广东技术师范学院北校区(北门)" END_PLACE="广东技术师范学院实验楼(南门)" START_PLACE_LAT="23.157657" START_PLACE_LNG="113.25312" END_PLACE_LAT="23.131166" END_PLACE_LNG="113.371485" SEND_USER_ID="50005" SEND_USER_NM="陈志明" SEND_USER_MOBILE="13258462571" CREATE_DATE="2018-04-14 10:16:46.0" TAKE_USER_ID="50001" TAKE_ORDER_DATE="2018-03-17 11:17:01.0" ORDER_FEE="2.0" ORDER_STAT_CODE="1" ORDER_REMARK="[null]"/>
	<PRD_ORDER ORDER_ID="50045" START_PLACE="广东技术师范学院(西校区)-教学大楼" END_PLACE="广东技术师范学院北校区(东南门)" START_PLACE_LAT="23.145378" START_PLACE_LNG="113.337827" END_PLACE_LAT="23.157054" END_PLACE_LNG="113.254191" SEND_USER_ID="50005" SEND_USER_NM="肖扬帆" SEND_USER_MOBILE="18025639473" CREATE_DATE="2018-04-14 10:18:09.0" ORDER_FEE="1.5" ORDER_STAT_CODE="0" ORDER_REMARK="[null]"/>
	<PRD_ORDER ORDER_ID="50046" START_PLACE="广东技术师范学院培训楼(南门)" END_PLACE="广东技术师范学院维修服务中心" START_PLACE_LAT="23.131427" START_PLACE_LNG="113.370899" END_PLACE_LAT="23.131685" END_PLACE_LNG="113.37106" SEND_USER_ID="50005" SEND_USER_NM="梁秋月" SEND_USER_MOBILE="13525639475" CREATE_DATE="2018-04-14 10:19:41.0" ORDER_FEE="3.0" ORDER_STAT_CODE="0" ORDER_REMARK="[null]"/>
	<PRD_ORDER ORDER_ID="50047" START_PLACE="广东技术师范学院实训楼" END_PLACE="广东技术师范学院停车场(出入口)" START_PLACE_LAT="23.1464" START_PLACE_LNG="113.3375" END_PLACE_LAT="23.130938" END_PLACE_LNG="113.370012" SEND_USER_ID="50003" SEND_USER_NM="吴先生" SEND_USER_MOBILE="18813960080" CREATE_DATE="2018-04-14 10:20:32.0" ORDER_FEE="2.0" ORDER_STAT_CODE="0" ORDER_REMARK="7202"/>
	<PRD_ORDER ORDER_ID="50048" START_PLACE="广东技术师范学院停车场(出入口)" END_PLACE="广东技术师范学院-电教中心" START_PLACE_LAT="23.130938" START_PLACE_LNG="113.370012" END_PLACE_LAT="23.13121" END_PLACE_LNG="113.371482" SEND_USER_ID="50005" SEND_USER_NM="莫丰" SEND_USER_MOBILE="18881352463" CREATE_DATE="2018-04-14 10:22:38.0" ORDER_FEE="1.5" ORDER_STAT_CODE="0" ORDER_REMARK="[null]"/>
	<PRD_ORDER ORDER_ID="50049" START_PLACE="广东技术师范学院综合馆(东门)" END_PLACE="广东技术师范学院-电教中心" START_PLACE_LAT="23.1323" START_PLACE_LNG="113.371056" END_PLACE_LAT="23.13121" END_PLACE_LNG="113.371482" SEND_USER_ID="50005" SEND_USER_NM="陈彩铃" SEND_USER_MOBILE="15280436288" CREATE_DATE="2018-04-14 10:26:32.0" ORDER_FEE="1.5" ORDER_STAT_CODE="0" ORDER_REMARK="[null]"/>
	<PRD_ORDER ORDER_ID="50050" START_PLACE="广东技术师范学院实训楼" END_PLACE="广东技术师范学院美术学院" START_PLACE_LAT="23.1464" START_PLACE_LNG="113.3375" END_PLACE_LAT="23.130376" END_PLACE_LNG="113.370864" SEND_USER_ID="50003" SEND_USER_NM="陈先生" SEND_USER_MOBILE="18813960080" CREATE_DATE="2018-04-14 10:34:45.0" TAKE_USER_ID="50003" TAKE_ORDER_DATE="2018-04-14 12:58:31.0" ORDER_FEE="2.0" ORDER_STAT_CODE="1" ORDER_REMARK="一教201"/>
	<PRD_ORDER ORDER_ID="50051" START_PLACE="广东技术师范学院实训楼" END_PLACE="广东技术师范学院美术学院" START_PLACE_LAT="23.1464" START_PLACE_LNG="113.3375" END_PLACE_LAT="23.130376" END_PLACE_LNG="113.370864" SEND_USER_ID="50003" SEND_USER_NM="陈奕迅" SEND_USER_MOBILE="18813960080" CREATE_DATE="2018-04-14 10:41:05.0" TAKE_USER_ID="50005" TAKE_ORDER_DATE="2018-04-14 10:41:27.0" ORDER_FEE="2.0" ORDER_STAT_CODE="1" ORDER_REMARK="7201"/>
	<PRD_ORDER ORDER_ID="50052" START_PLACE="广东技术师范学院-电教中心" END_PLACE="广东技术师范学院-电教中心" START_PLACE_LAT="23.13121" START_PLACE_LNG="113.371482" END_PLACE_LAT="23.13121" END_PLACE_LNG="113.371482" SEND_USER_ID="50003" SEND_USER_NM="李小龙" SEND_USER_MOBILE="18813960080" CREATE_DATE="2018-04-14 10:51:42.0" TAKE_USER_ID="50005" TAKE_ORDER_DATE="2018-04-14 10:52:01.0" ORDER_FEE="2.0" ORDER_STAT_CODE="3" ORDER_REMARK="1.210"/>
	<PRD_ORDER ORDER_ID="50053" START_PLACE="广东技术师范学院实训楼" END_PLACE="广东技术师范学院培训楼(南门)" START_PLACE_LAT="23.1464" START_PLACE_LNG="113.3375" END_PLACE_LAT="23.131427" END_PLACE_LNG="113.370899" SEND_USER_ID="50003" SEND_USER_NM="李小志" SEND_USER_MOBILE="18813960080" CREATE_DATE="2018-04-14 11:05:57.0" TAKE_USER_ID="50005" TAKE_ORDER_DATE="2018-04-14 11:06:13.0" ORDER_FEE="2.0" ORDER_STAT_CODE="3" ORDER_REMARK="7202"/>
	<PRD_ORDER ORDER_ID="50054" START_PLACE="广东技术师范学院-动画系" END_PLACE="广东技术师范学院美术学院(南门)" START_PLACE_LAT="23.13035" START_PLACE_LNG="113.37099" END_PLACE_LAT="23.130305" END_PLACE_LNG="113.37087" SEND_USER_ID="50003" SEND_USER_NM="吖程" SEND_USER_MOBILE="123" CREATE_DATE="2018-04-14 11:22:13.0" ORDER_FEE="1.5" ORDER_STAT_CODE="0" ORDER_REMARK="[null]"/>
	<PRD_ORDER ORDER_ID="50055" START_PLACE="广东技术师范学院实训楼" END_PLACE="广东技术师范学院-电教中心" START_PLACE_LAT="23.1464" START_PLACE_LNG="113.3375" END_PLACE_LAT="23.13121" END_PLACE_LNG="113.371482" SEND_USER_ID="50003" SEND_USER_NM="陈敏伟" SEND_USER_MOBILE="18813960080" CREATE_DATE="2018-04-14 11:36:33.0" TAKE_USER_ID="50005" TAKE_ORDER_DATE="2018-04-14 11:36:56.0" ORDER_FEE="2.0" ORDER_STAT_CODE="3" ORDER_REMARK="二教一教"/>
	<PRD_ORDER ORDER_ID="50056" START_PLACE="广东技术师范学院实训楼" END_PLACE="广东技术师范学院美术学院" START_PLACE_LAT="23.1464" START_PLACE_LNG="113.3375" END_PLACE_LAT="23.130376" END_PLACE_LNG="113.370864" SEND_USER_ID="50003" SEND_USER_NM="陈敏伟" SEND_USER_MOBILE="18813960080" CREATE_DATE="2018-04-14 12:55:48.0" TAKE_USER_ID="50006" TAKE_ORDER_DATE="2018-04-14 12:56:29.0" ORDER_FEE="2.0" ORDER_STAT_CODE="3" ORDER_REMARK="7202"/>
	<PRD_ORDER ORDER_ID="50057" START_PLACE="广东技术师范学院-电教中心" END_PLACE="广东技术师范学院-电教中心" START_PLACE_LAT="23.13121" START_PLACE_LNG="113.371482" END_PLACE_LAT="23.13121" END_PLACE_LNG="113.371482" SEND_USER_ID="50003" SEND_USER_NM="教" SEND_USER_MOBILE="123" CREATE_DATE="2018-04-15 12:59:32.0" TAKE_USER_ID="50008" TAKE_ORDER_DATE="2018-04-14 15:23:29.0" ORDER_FEE="3.5" ORDER_STAT_CODE="1" ORDER_REMARK="教"/>
	<PRD_ORDER ORDER_ID="50058" START_PLACE="广东技术师范学院-电教中心" END_PLACE="广东技术师范学院美术学院" START_PLACE_LAT="23.13121" START_PLACE_LNG="113.371482" END_PLACE_LAT="23.130376" END_PLACE_LNG="113.370864" SEND_USER_ID="50003" SEND_USER_NM="陈先生" SEND_USER_MOBILE="18813960080" CREATE_DATE="2018-04-16 14:26:15.0" TAKE_USER_ID="50005" TAKE_ORDER_DATE="2018-04-14 14:27:28.0" ORDER_FEE="1.5" ORDER_STAT_CODE="1" ORDER_REMARK="[null]"/>
	<PRD_ORDER ORDER_ID="50059" START_PLACE="广东技术师范学院维修服务中心" END_PLACE="广东技术师范学院-电教中心" START_PLACE_LAT="23.131685" START_PLACE_LNG="113.37106" END_PLACE_LAT="23.13121" END_PLACE_LNG="113.371482" SEND_USER_ID="50005" SEND_USER_NM="sb李志鹏" SEND_USER_MOBILE="18813299971" CREATE_DATE="2018-04-17 11:51:56.0" ORDER_FEE="1.5" ORDER_STAT_CODE="0" ORDER_REMARK="[null]"/>
	
</dataset>